<?xml version="1.0" encoding="UTF-8"?>
<testsuite xmlns:xsi="http://www.w3.org/2001/XMLSchema-instance" xsi:noNamespaceSchemaLocation="https://maven.apache.org/surefire/maven-surefire-plugin/xsd/surefire-test-report-3.0.xsd" version="3.0" name="com.gerencia.clinica.AcceptanceTest" time="1.348" tests="1" errors="0" skipped="0" failures="0">
  <properties>
[...]
</properties>
  <testcase name="testAddAndGetPaciente" classname="com.gerencia.clinica.AcceptanceTest" time="0.934">
    <system-out><![CDATA[2024-06-12T09:38:12.089-03:00  INFO 5435 --- [           main] t.c.s.AnnotationConfigContextLoaderUtils : Could not detect default configuration classes for test class [com.gerencia.clinica.AcceptanceTest]: AcceptanceTest does not declare any static, non-private, non-final, nested classes annotated with @Configuration.
2024-06-12T09:38:12.092-03:00  INFO 5435 --- [           main] .b.t.c.SpringBootTestContextBootstrapper : Found @SpringBootConfiguration com.gerencia.Main for test class com.gerencia.clinica.AcceptanceTest

  .   ____          _            __ _ _
 /\\ / ___'_ __ _ _(_)_ __  __ _ \ \ \ \
( ( )\___ | '_ | '_| | '_ \/ _` | \ \ \ \
 \\/  ___)| |_)| | | | | || (_| |  ) ) ) )
  '  |____| .__|_| |_|_| |_\__, | / / / /
 =========|_|==============|___/=/_/_/_/
 :: Spring Boot ::                (v3.1.1)

2024-06-12T09:38:12.109-03:00  INFO 5435 --- [           main] com.gerencia.clinica.AcceptanceTest      : Starting AcceptanceTest using Java 21.0.3 with PID 5435 (started by lucashinova in /Users/lucashinova/Documents/Meus projetos/TrabalhoGerencia2API/TrabalhoGerencia/gerencia)
2024-06-12T09:38:12.109-03:00  INFO 5435 --- [           main] com.gerencia.clinica.AcceptanceTest      : No active profile set, falling back to 1 default profile: "default"
2024-06-12T09:38:12.165-03:00  INFO 5435 --- [           main] .s.d.r.c.RepositoryConfigurationDelegate : Bootstrapping Spring Data JPA repositories in DEFAULT mode.
2024-06-12T09:38:12.168-03:00  INFO 5435 --- [           main] .s.d.r.c.RepositoryConfigurationDelegate : Finished Spring Data repository scanning in 3 ms. Found 1 JPA repository interfaces.
2024-06-12T09:38:12.267-03:00  INFO 5435 --- [           main] o.s.b.w.embedded.tomcat.TomcatWebServer  : Tomcat initialized with port(s): 0 (http)
2024-06-12T09:38:12.272-03:00  INFO 5435 --- [           main] o.apache.catalina.core.StandardService   : Starting service [Tomcat]
2024-06-12T09:38:12.272-03:00  INFO 5435 --- [           main] o.apache.catalina.core.StandardEngine    : Starting Servlet engine: [Apache Tomcat/10.1.10]
2024-06-12T09:38:12.325-03:00  INFO 5435 --- [           main] o.a.c.c.C.[Tomcat].[localhost].[/]       : Initializing Spring embedded WebApplicationContext
2024-06-12T09:38:12.326-03:00  INFO 5435 --- [           main] w.s.c.ServletWebServerApplicationContext : Root WebApplicationContext: initialization completed in 215 ms
2024-06-12T09:38:12.362-03:00  INFO 5435 --- [           main] o.hibernate.jpa.internal.util.LogHelper  : HHH000204: Processing PersistenceUnitInfo [name: default]
2024-06-12T09:38:12.364-03:00  INFO 5435 --- [           main] o.h.b.i.BytecodeProviderInitiator        : HHH000021: Bytecode provider name : bytebuddy
2024-06-12T09:38:12.364-03:00  INFO 5435 --- [           main] o.s.o.j.p.SpringPersistenceUnitInfo      : No LoadTimeWeaver setup: ignoring JPA class transformer
2024-06-12T09:38:12.364-03:00  INFO 5435 --- [           main] com.zaxxer.hikari.HikariDataSource       : HikariPool-2 - Starting...
2024-06-12T09:38:12.370-03:00  INFO 5435 --- [           main] com.zaxxer.hikari.pool.HikariPool        : HikariPool-2 - Added connection org.postgresql.jdbc.PgConnection@98c4a8b
2024-06-12T09:38:12.370-03:00  INFO 5435 --- [           main] com.zaxxer.hikari.HikariDataSource       : HikariPool-2 - Start completed.
2024-06-12T09:38:12.380-03:00  INFO 5435 --- [           main] o.h.b.i.BytecodeProviderInitiator        : HHH000021: Bytecode provider name : bytebuddy
2024-06-12T09:38:12.392-03:00  INFO 5435 --- [           main] o.h.e.t.j.p.i.JtaPlatformInitiator       : HHH000490: Using JtaPlatform implementation: [org.hibernate.engine.transaction.jta.platform.internal.NoJtaPlatform]
Hibernate: alter table if exists paciente alter column imc set data type float(53)
Hibernate: alter table if exists paciente alter column peso set data type float(53)
2024-06-12T09:38:12.407-03:00  INFO 5435 --- [           main] j.LocalContainerEntityManagerFactoryBean : Initialized JPA EntityManagerFactory for persistence unit 'default'
2024-06-12T09:38:12.430-03:00  WARN 5435 --- [           main] JpaBaseConfiguration$JpaWebConfiguration : spring.jpa.open-in-view is enabled by default. Therefore, database queries may be performed during view rendering. Explicitly configure spring.jpa.open-in-view to disable this warning
2024-06-12T09:38:12.498-03:00  INFO 5435 --- [           main] o.s.b.w.embedded.tomcat.TomcatWebServer  : Tomcat started on port(s): 65222 (http) with context path ''
2024-06-12T09:38:12.500-03:00  INFO 5435 --- [           main] com.gerencia.clinica.AcceptanceTest      : Started AcceptanceTest in 0.405 seconds (process running for 2.96)
2024-06-12T09:38:13.022-03:00  INFO 5435 --- [o-auto-1-exec-1] o.a.c.c.C.[Tomcat].[localhost].[/]       : Initializing Spring DispatcherServlet 'dispatcherServlet'
2024-06-12T09:38:13.022-03:00  INFO 5435 --- [o-auto-1-exec-1] o.s.web.servlet.DispatcherServlet        : Initializing Servlet 'dispatcherServlet'
2024-06-12T09:38:13.022-03:00  INFO 5435 --- [o-auto-1-exec-1] o.s.web.servlet.DispatcherServlet        : Completed initialization in 0 ms
Hibernate: insert into paciente (altura,cpf,idade,imc,nascimento,nome,peso,sexo,sobrenome) values (?,?,?,?,?,?,?,?,?)
2024-06-12T09:38:13.326-03:00  WARN 5435 --- [o-auto-1-exec-2] ocalVariableTableParameterNameDiscoverer : Using deprecated '-debug' fallback for parameter name resolution. Compile the affected code with '-parameters' instead or avoid its introspection: com.gerencia.clinica.controller.PacienteController
Hibernate: select p1_0.id,p1_0.altura,p1_0.cpf,p1_0.idade,p1_0.imc,p1_0.nascimento,p1_0.nome,p1_0.peso,p1_0.sexo,p1_0.sobrenome from paciente p1_0 where p1_0.id=?
Hibernate: select p1_0.id,p1_0.altura,p1_0.cpf,p1_0.idade,p1_0.imc,p1_0.nascimento,p1_0.nome,p1_0.peso,p1_0.sexo,p1_0.sobrenome from paciente p1_0
]]></system-out>
  </testcase>
</testsuite>