<?xml version="1.0" encoding="UTF-8"?>
<testsuite xmlns:xsi="http://www.w3.org/2001/XMLSchema-instance" xsi:noNamespaceSchemaLocation="https://maven.apache.org/surefire/maven-surefire-plugin/xsd/surefire-test-report-3.0.xsd" version="3.0" name="com.gerencia.clinica.model.PacienteTest" time="0.005" tests="7" errors="0" skipped="0" failures="0">
  <properties>
[...]
</properties>
  <testcase name="testCalcularIMC" classname="com.gerencia.clinica.model.PacienteTest" time="0.0"/>
  <testcase name="testObterSituacaoIMC" classname="com.gerencia.clinica.model.PacienteTest" time="0.0"/>
  <testcase name="testObterCpfOfuscado" classname="com.gerencia.clinica.model.PacienteTest" time="0.0"/>
  <testcase name="testObterPesoIdeal" classname="com.gerencia.clinica.model.PacienteTest" time="0.0"/>
  <testcase name="testValidarCPF" classname="com.gerencia.clinica.model.PacienteTest" time="0.001"/>
  <testcase name="testCalcularIdade" classname="com.gerencia.clinica.model.PacienteTest" time="0.001"/>
  <testcase name="testInvalidarCPF" classname="com.gerencia.clinica.model.PacienteTest" time="0.001"/>
</testsuite>